{"isOperational":true,"level":"error","message":"Route / not found Route / not found","status":"fail","statusCode":404,"timestamp":"2025-07-06T09:00:55.048Z"}
{"isOperational":true,"level":"error","message":"Route /favicon.ico not found Route /favicon.ico not found","status":"fail","statusCode":404,"timestamp":"2025-07-06T09:00:55.282Z"}
{"isOperational":true,"level":"error","message":"Route /favicon.ico not found Route /favicon.ico not found","status":"fail","statusCode":404,"timestamp":"2025-08-29T16:55:09.365Z"}
{"isOperational":true,"level":"error","message":"Route //news not found Route //news not found","status":"fail","statusCode":404,"timestamp":"2025-08-29T18:27:30.375Z"}
{"isOperational":true,"level":"error","message":"Route //review not found Route //review not found","status":"fail","statusCode":404,"timestamp":"2025-08-29T18:27:30.567Z"}
{"isOperational":true,"level":"error","message":"Route //news not found Route //news not found","status":"fail","statusCode":404,"timestamp":"2025-08-29T18:27:31.089Z"}
{"isOperational":true,"level":"error","message":"Route //review not found Route //review not found","status":"fail","statusCode":404,"timestamp":"2025-08-29T18:27:31.133Z"}
{"isOperational":true,"level":"error","message":"Route //news not found Route //news not found","status":"fail","statusCode":404,"timestamp":"2025-08-29T18:27:31.449Z"}
{"isOperational":true,"level":"error","message":"Route //review not found Route //review not found","status":"fail","statusCode":404,"timestamp":"2025-08-29T18:27:31.476Z"}
{"isOperational":true,"level":"error","message":"Route //news not found Route //news not found","status":"fail","statusCode":404,"timestamp":"2025-08-29T18:27:31.810Z"}
{"isOperational":true,"level":"error","message":"Route //review not found Route //review not found","status":"fail","statusCode":404,"timestamp":"2025-08-29T18:27:31.832Z"}
{"isOperational":true,"level":"error","message":"Route //news not found Route //news not found","status":"fail","statusCode":404,"timestamp":"2025-08-29T18:27:32.249Z"}
{"isOperational":true,"level":"error","message":"Route //review not found Route //review not found","status":"fail","statusCode":404,"timestamp":"2025-08-29T18:27:32.273Z"}
{"isOperational":true,"level":"error","message":"Route /api/news not found Route /api/news not found","status":"fail","statusCode":404,"timestamp":"2025-08-29T18:27:33.478Z"}
{"isOperational":true,"level":"error","message":"Route /api/review not found Route /api/review not found","status":"fail","statusCode":404,"timestamp":"2025-08-29T18:27:33.512Z"}
{"isOperational":true,"level":"error","message":"Route /api/news not found Route /api/news not found","status":"fail","statusCode":404,"timestamp":"2025-08-29T18:27:34.109Z"}
{"isOperational":true,"level":"error","message":"Route /api/review not found Route /api/review not found","status":"fail","statusCode":404,"timestamp":"2025-08-29T18:27:34.139Z"}
{"isOperational":true,"level":"error","message":"Route /api/news not found Route /api/news not found","status":"fail","statusCode":404,"timestamp":"2025-08-29T18:27:34.459Z"}
{"isOperational":true,"level":"error","message":"Route /api/review not found Route /api/review not found","status":"fail","statusCode":404,"timestamp":"2025-08-29T18:27:34.482Z"}
{"isOperational":true,"level":"error","message":"Route /api/news not found Route /api/news not found","status":"fail","statusCode":404,"timestamp":"2025-08-29T18:27:34.836Z"}
{"isOperational":true,"level":"error","message":"Route /api/review not found Route /api/review not found","status":"fail","statusCode":404,"timestamp":"2025-08-29T18:27:34.873Z"}
{"isOperational":true,"level":"error","message":"Route /api/news not found Route /api/news not found","status":"fail","statusCode":404,"timestamp":"2025-08-29T18:27:35.208Z"}
{"isOperational":true,"level":"error","message":"Route /api/review not found Route /api/review not found","status":"fail","statusCode":404,"timestamp":"2025-08-29T18:27:35.236Z"}
{"isOperational":true,"level":"error","message":"Route /api/news not found Route /api/news not found","status":"fail","statusCode":404,"timestamp":"2025-08-29T18:27:35.591Z"}
{"isOperational":true,"level":"error","message":"Route /api/review not found Route /api/review not found","status":"fail","statusCode":404,"timestamp":"2025-08-29T18:27:35.611Z"}
{"isOperational":true,"level":"error","message":"Route /api/news not found Route /api/news not found","status":"fail","statusCode":404,"timestamp":"2025-08-29T18:27:35.907Z"}
{"isOperational":true,"level":"error","message":"Route /api/review not found Route /api/review not found","status":"fail","statusCode":404,"timestamp":"2025-08-29T18:27:35.927Z"}
{"isOperational":true,"level":"error","message":"Route /api/news not found Route /api/news not found","status":"fail","statusCode":404,"timestamp":"2025-08-29T18:27:36.228Z"}
{"isOperational":true,"level":"error","message":"Route /api/review not found Route /api/review not found","status":"fail","statusCode":404,"timestamp":"2025-08-29T18:27:36.264Z"}
{"isOperational":true,"level":"error","message":"Route /api/news not found Route /api/news not found","status":"fail","statusCode":404,"timestamp":"2025-08-29T18:27:37.711Z"}
{"isOperational":true,"level":"error","message":"Route /api/review not found Route /api/review not found","status":"fail","statusCode":404,"timestamp":"2025-08-29T18:27:37.741Z"}
{"isOperational":true,"level":"error","message":"Route /api/news not found Route /api/news not found","status":"fail","statusCode":404,"timestamp":"2025-08-29T18:27:45.702Z"}
{"isOperational":true,"level":"error","message":"Route /api/review not found Route /api/review not found","status":"fail","statusCode":404,"timestamp":"2025-08-29T18:27:45.715Z"}
{"isOperational":true,"level":"error","message":"Route /api/news not found Route /api/news not found","status":"fail","statusCode":404,"timestamp":"2025-08-29T18:27:56.820Z"}
{"isOperational":true,"level":"error","message":"Route /api/review not found Route /api/review not found","status":"fail","statusCode":404,"timestamp":"2025-08-29T18:27:56.836Z"}
{"isOperational":true,"level":"error","message":"Route /api/news not found Route /api/news not found","status":"fail","statusCode":404,"timestamp":"2025-08-29T18:29:30.053Z"}
{"isOperational":true,"level":"error","message":"Route /api/review not found Route /api/review not found","status":"fail","statusCode":404,"timestamp":"2025-08-29T18:29:30.966Z"}
{"isOperational":true,"level":"error","message":"Route //news not found Route //news not found","status":"fail","statusCode":404,"timestamp":"2025-08-29T18:30:36.242Z"}
{"isOperational":true,"level":"error","message":"Route //review not found Route //review not found","status":"fail","statusCode":404,"timestamp":"2025-08-29T18:30:36.260Z"}
{"isOperational":true,"level":"error","message":"Route /api/news not found Route /api/news not found","status":"fail","statusCode":404,"timestamp":"2025-08-29T18:30:37.928Z"}
{"isOperational":true,"level":"error","message":"Route /api/review not found Route /api/review not found","status":"fail","statusCode":404,"timestamp":"2025-08-29T18:30:37.995Z"}
{"isOperational":true,"level":"error","message":"Route /api/news not found Route /api/news not found","status":"fail","statusCode":404,"timestamp":"2025-08-29T18:30:38.475Z"}
{"isOperational":true,"level":"error","message":"Route /api/review not found Route /api/review not found","status":"fail","statusCode":404,"timestamp":"2025-08-29T18:30:38.512Z"}
{"isOperational":true,"level":"error","message":"Route /api/news not found Route /api/news not found","status":"fail","statusCode":404,"timestamp":"2025-08-29T18:30:38.917Z"}
{"isOperational":true,"level":"error","message":"Route /api/review not found Route /api/review not found","status":"fail","statusCode":404,"timestamp":"2025-08-29T18:30:38.959Z"}
{"isOperational":true,"level":"error","message":"Route /api/news not found Route /api/news not found","status":"fail","statusCode":404,"timestamp":"2025-08-29T18:30:39.420Z"}
{"isOperational":true,"level":"error","message":"Route /api/review not found Route /api/review not found","status":"fail","statusCode":404,"timestamp":"2025-08-29T18:30:39.444Z"}
{"isOperational":true,"level":"error","message":"Route /api/news not found Route /api/news not found","status":"fail","statusCode":404,"timestamp":"2025-08-29T18:30:39.862Z"}
{"isOperational":true,"level":"error","message":"Route /api/review not found Route /api/review not found","status":"fail","statusCode":404,"timestamp":"2025-08-29T18:30:39.932Z"}
{"isOperational":true,"level":"error","message":"Route /api/news not found Route /api/news not found","status":"fail","statusCode":404,"timestamp":"2025-08-29T18:30:40.812Z"}
{"isOperational":true,"level":"error","message":"Route /api/review not found Route /api/review not found","status":"fail","statusCode":404,"timestamp":"2025-08-29T18:30:40.877Z"}
{"isOperational":true,"level":"error","message":"Route /api/news not found Route /api/news not found","status":"fail","statusCode":404,"timestamp":"2025-08-29T18:30:41.478Z"}
{"isOperational":true,"level":"error","message":"Route /api/review not found Route /api/review not found","status":"fail","statusCode":404,"timestamp":"2025-08-29T18:30:41.510Z"}
{"isOperational":true,"level":"error","message":"Route /api/news not found Route /api/news not found","status":"fail","statusCode":404,"timestamp":"2025-08-29T18:30:42.171Z"}
{"isOperational":true,"level":"error","message":"Route /api/review not found Route /api/review not found","status":"fail","statusCode":404,"timestamp":"2025-08-29T18:30:42.215Z"}
{"isOperational":true,"level":"error","message":"Route /api/news not found Route /api/news not found","status":"fail","statusCode":404,"timestamp":"2025-08-29T18:30:42.911Z"}
{"isOperational":true,"level":"error","message":"Route /api/review not found Route /api/review not found","status":"fail","statusCode":404,"timestamp":"2025-08-29T18:30:42.999Z"}
{"isOperational":true,"level":"error","message":"Route /api/news not found Route /api/news not found","status":"fail","statusCode":404,"timestamp":"2025-08-29T18:30:43.456Z"}
{"isOperational":true,"level":"error","message":"Route /api/review not found Route /api/review not found","status":"fail","statusCode":404,"timestamp":"2025-08-29T18:30:43.493Z"}
{"isOperational":true,"level":"error","message":"Route /api/news not found Route /api/news not found","status":"fail","statusCode":404,"timestamp":"2025-08-29T18:30:43.993Z"}
{"isOperational":true,"level":"error","message":"Route /api/review not found Route /api/review not found","status":"fail","statusCode":404,"timestamp":"2025-08-29T18:30:44.074Z"}
{"isOperational":true,"level":"error","message":"Route /api/news not found Route /api/news not found","status":"fail","statusCode":404,"timestamp":"2025-08-29T18:30:44.530Z"}
{"isOperational":true,"level":"error","message":"Route /api/review not found Route /api/review not found","status":"fail","statusCode":404,"timestamp":"2025-08-29T18:30:44.567Z"}
{"isOperational":true,"level":"error","message":"Route /api/news not found Route /api/news not found","status":"fail","statusCode":404,"timestamp":"2025-08-29T18:30:45.095Z"}
{"isOperational":true,"level":"error","message":"Route /api/review not found Route /api/review not found","status":"fail","statusCode":404,"timestamp":"2025-08-29T18:30:45.159Z"}
{"isOperational":true,"level":"error","message":"Route /api/news not found Route /api/news not found","status":"fail","statusCode":404,"timestamp":"2025-08-29T18:30:45.989Z"}
{"isOperational":true,"level":"error","message":"Route /api/review not found Route /api/review not found","status":"fail","statusCode":404,"timestamp":"2025-08-29T18:30:46.043Z"}
{"isOperational":true,"level":"error","message":"Route /api/news not found Route /api/news not found","status":"fail","statusCode":404,"timestamp":"2025-08-29T18:30:46.502Z"}
{"isOperational":true,"level":"error","message":"Route /api/review not found Route /api/review not found","status":"fail","statusCode":404,"timestamp":"2025-08-29T18:30:46.528Z"}
{"isOperational":true,"level":"error","message":"Route /api/news not found Route /api/news not found","status":"fail","statusCode":404,"timestamp":"2025-08-29T18:33:10.801Z"}
{"isOperational":true,"level":"error","message":"Route /api/review not found Route /api/review not found","status":"fail","statusCode":404,"timestamp":"2025-08-29T18:33:10.828Z"}
{"isOperational":true,"level":"error","message":"Route /api/news not found Route /api/news not found","status":"fail","statusCode":404,"timestamp":"2025-08-29T18:33:12.593Z"}
{"isOperational":true,"level":"error","message":"Route /api/review not found Route /api/review not found","status":"fail","statusCode":404,"timestamp":"2025-08-29T18:33:12.745Z"}
{"isOperational":true,"level":"error","message":"Route /api/news not found Route /api/news not found","status":"fail","statusCode":404,"timestamp":"2025-08-29T18:34:01.028Z"}
{"isOperational":true,"level":"error","message":"Route /api/review not found Route /api/review not found","status":"fail","statusCode":404,"timestamp":"2025-08-29T18:34:01.050Z"}
{"isOperational":true,"level":"error","message":"Route /api/news not found Route /api/news not found","status":"fail","statusCode":404,"timestamp":"2025-08-29T18:34:08.147Z"}
{"isOperational":true,"level":"error","message":"Route /api/review not found Route /api/review not found","status":"fail","statusCode":404,"timestamp":"2025-08-29T18:34:08.562Z"}
{"isOperational":true,"level":"error","message":"Route /api/news not found Route /api/news not found","status":"fail","statusCode":404,"timestamp":"2025-08-29T18:34:11.876Z"}
{"isOperational":true,"level":"error","message":"Route /api/review not found Route /api/review not found","status":"fail","statusCode":404,"timestamp":"2025-08-29T18:34:11.901Z"}
{"isOperational":true,"level":"error","message":"Route /api/products?isFeatured=true&limit=4 not found Route /api/products?isFeatured=true&limit=4 not found","status":"fail","statusCode":404,"timestamp":"2025-08-29T18:34:12.019Z"}
{"isOperational":true,"level":"error","message":"Route /api/products?sort=createdAt_desc&limit=4 not found Route /api/products?sort=createdAt_desc&limit=4 not found","status":"fail","statusCode":404,"timestamp":"2025-08-29T18:34:12.038Z"}
